c:\users\enzo\onedrive\dokumente\github\citm-fc-pengo-\x64\debug\vc142.pdb
c:\users\enzo\onedrive\dokumente\github\citm-fc-pengo-\x64\debug\vc142.idb
c:\users\enzo\onedrive\dokumente\github\citm-fc-pengo-\x64\debug\turret.obj
c:\users\enzo\onedrive\dokumente\github\citm-fc-pengo-\x64\debug\tilemap.obj
c:\users\enzo\onedrive\dokumente\github\citm-fc-pengo-\x64\debug\staticimage.obj
c:\users\enzo\onedrive\dokumente\github\citm-fc-pengo-\x64\debug\sprite.obj
c:\users\enzo\onedrive\dokumente\github\citm-fc-pengo-\x64\debug\slime.obj
c:\users\enzo\onedrive\dokumente\github\citm-fc-pengo-\x64\debug\shotmanager.obj
c:\users\enzo\onedrive\dokumente\github\citm-fc-pengo-\x64\debug\shot.obj
c:\users\enzo\onedrive\dokumente\github\citm-fc-pengo-\x64\debug\scene.obj
c:\users\enzo\onedrive\dokumente\github\citm-fc-pengo-\x64\debug\resourcemanager.obj
c:\users\enzo\onedrive\dokumente\github\citm-fc-pengo-\x64\debug\rendercomponent.obj
c:\users\enzo\onedrive\dokumente\github\citm-fc-pengo-\x64\debug\player.obj
c:\users\enzo\onedrive\dokumente\github\citm-fc-pengo-\x64\debug\object.obj
c:\users\enzo\onedrive\dokumente\github\citm-fc-pengo-\x64\debug\main.obj
c:\users\enzo\onedrive\dokumente\github\citm-fc-pengo-\x64\debug\globals.obj
c:\users\enzo\onedrive\dokumente\github\citm-fc-pengo-\x64\debug\game.obj
c:\users\enzo\onedrive\dokumente\github\citm-fc-pengo-\x64\debug\entity.obj
c:\users\enzo\onedrive\dokumente\github\citm-fc-pengo-\x64\debug\enemymanager.obj
c:\users\enzo\onedrive\dokumente\github\citm-fc-pengo-\x64\debug\enemy.obj
c:\users\enzo\onedrive\dokumente\github\citm-fc-pengo-\x64\debug\aabb.obj
c:\users\enzo\onedrive\dokumente\github\citm-fc-pengo-\x64\debug\pengo.exe
c:\users\enzo\onedrive\dokumente\github\citm-fc-pengo-\x64\debug\pengo.ilk
c:\users\enzo\onedrive\dokumente\github\citm-fc-pengo-\x64\debug\pengo.pdb
c:\users\enzo\onedrive\dokumente\github\citm-fc-pengo-\x64\debug\vikings.ilk
c:\users\enzo\onedrive\dokumente\github\citm-fc-pengo-\x64\debug\vikings.pdb
c:\users\enzo\onedrive\dokumente\github\citm-fc-pengo-\x64\debug\pengo.tlog\cl.command.1.tlog
c:\users\enzo\onedrive\dokumente\github\citm-fc-pengo-\x64\debug\pengo.tlog\cl.read.1.tlog
c:\users\enzo\onedrive\dokumente\github\citm-fc-pengo-\x64\debug\pengo.tlog\cl.write.1.tlog
c:\users\enzo\onedrive\dokumente\github\citm-fc-pengo-\x64\debug\pengo.tlog\link.command.1.tlog
c:\users\enzo\onedrive\dokumente\github\citm-fc-pengo-\x64\debug\pengo.tlog\link.read.1.tlog
c:\users\enzo\onedrive\dokumente\github\citm-fc-pengo-\x64\debug\pengo.tlog\link.write.1.tlog
